[debug] [2023-06-27T17:40:49.228Z] ----------------------------------------------------------------------
[debug] [2023-06-27T17:40:49.230Z] Command:       C:\Program Files\nodejs\node.exe C:\Users\ASUS\AppData\Roaming\npm\node_modules\firebase-tools\lib\bin\firebase.js deploy
[debug] [2023-06-27T17:40:49.230Z] CLI Version:   11.6.0
[debug] [2023-06-27T17:40:49.230Z] Platform:      win32
[debug] [2023-06-27T17:40:49.230Z] Node Version:  v16.13.1
[debug] [2023-06-27T17:40:49.237Z] Time:          Tue Jun 27 2023 23:40:49 GMT+0600 (Bangladesh Standard Time)
[debug] [2023-06-27T17:40:49.237Z] ----------------------------------------------------------------------
[debug] 
[debug] [2023-06-27T17:40:49.241Z] >>> [apiv2][query] GET https://firebase-public.firebaseio.com/cli.json [none]
[debug] [2023-06-27T17:40:49.320Z] > command requires scopes: ["email","openid","https://www.googleapis.com/auth/cloudplatformprojects.readonly","https://www.googleapis.com/auth/firebase","https://www.googleapis.com/auth/cloud-platform"]
[debug] [2023-06-27T17:40:49.321Z] > authorizing via signed-in user (mhrayhanpc@gmail.com)
[debug] [2023-06-27T17:40:49.321Z] [iam] checking project task-manager-a35a2 for permissions ["firebase.projects.get","firebasehosting.sites.update"]
[debug] [2023-06-27T17:40:49.322Z] > refreshing access token with scopes: []
[debug] [2023-06-27T17:40:49.323Z] >>> [apiv2][query] POST https://www.googleapis.com/oauth2/v3/token [none]
[debug] [2023-06-27T17:40:49.323Z] >>> [apiv2][body] POST https://www.googleapis.com/oauth2/v3/token [omitted]
[debug] [2023-06-27T17:40:53.331Z] <<< [apiv2][status] POST https://www.googleapis.com/oauth2/v3/token 400
[debug] [2023-06-27T17:40:53.331Z] <<< [apiv2][body] POST https://www.googleapis.com/oauth2/v3/token [omitted]
[debug] [2023-06-27T17:40:53.332Z] >>> [apiv2][query] POST https://cloudresourcemanager.googleapis.com/v1/projects/task-manager-a35a2:testIamPermissions [none]
[debug] [2023-06-27T17:40:53.332Z] >>> [apiv2][(partial)header] POST https://cloudresourcemanager.googleapis.com/v1/projects/task-manager-a35a2:testIamPermissions x-goog-quota-user=projects/task-manager-a35a2
[debug] [2023-06-27T17:40:53.332Z] >>> [apiv2][body] POST https://cloudresourcemanager.googleapis.com/v1/projects/task-manager-a35a2:testIamPermissions {"permissions":["firebase.projects.get","firebasehosting.sites.update"]}
[debug] [2023-06-27T17:40:53.352Z] <<< [apiv2][status] GET https://firebase-public.firebaseio.com/cli.json 200
[debug] [2023-06-27T17:40:53.352Z] <<< [apiv2][body] GET https://firebase-public.firebaseio.com/cli.json {"cloudBuildErrorAfter":1594252800000,"cloudBuildWarnAfter":1590019200000,"defaultNode10After":1594252800000,"minVersion":"3.0.5","node8DeploysDisabledAfter":1613390400000,"node8RuntimeDisabledAfter":1615809600000,"node8WarnAfter":1600128000000}
[debug] [2023-06-27T17:41:58.942Z] ----------------------------------------------------------------------
[debug] [2023-06-27T17:41:58.944Z] Command:       C:\Program Files\nodejs\node.exe C:\Users\ASUS\AppData\Roaming\npm\node_modules\firebase-tools\lib\bin\firebase.js deploy
[debug] [2023-06-27T17:41:58.944Z] CLI Version:   11.6.0
[debug] [2023-06-27T17:41:58.944Z] Platform:      win32
[debug] [2023-06-27T17:41:58.944Z] Node Version:  v16.13.1
[debug] [2023-06-27T17:41:58.949Z] Time:          Tue Jun 27 2023 23:41:58 GMT+0600 (Bangladesh Standard Time)
[debug] [2023-06-27T17:41:58.950Z] ----------------------------------------------------------------------
[debug] 
[debug] [2023-06-27T17:41:59.016Z] > command requires scopes: ["email","openid","https://www.googleapis.com/auth/cloudplatformprojects.readonly","https://www.googleapis.com/auth/firebase","https://www.googleapis.com/auth/cloud-platform"]
[debug] [2023-06-27T17:41:59.016Z] > authorizing via signed-in user (mhrayhanpc@gmail.com)
[debug] [2023-06-27T17:41:59.016Z] [iam] checking project task-manager-a35a2 for permissions ["firebase.projects.get","firebasehosting.sites.update"]
[debug] [2023-06-27T17:41:59.018Z] > refreshing access token with scopes: []
[debug] [2023-06-27T17:41:59.020Z] >>> [apiv2][query] POST https://www.googleapis.com/oauth2/v3/token [none]
[debug] [2023-06-27T17:41:59.020Z] >>> [apiv2][body] POST https://www.googleapis.com/oauth2/v3/token [omitted]
[debug] [2023-06-27T17:41:59.720Z] <<< [apiv2][status] POST https://www.googleapis.com/oauth2/v3/token 400
[debug] [2023-06-27T17:41:59.721Z] <<< [apiv2][body] POST https://www.googleapis.com/oauth2/v3/token [omitted]
[debug] [2023-06-27T17:41:59.721Z] >>> [apiv2][query] POST https://cloudresourcemanager.googleapis.com/v1/projects/task-manager-a35a2:testIamPermissions [none]
[debug] [2023-06-27T17:41:59.721Z] >>> [apiv2][(partial)header] POST https://cloudresourcemanager.googleapis.com/v1/projects/task-manager-a35a2:testIamPermissions x-goog-quota-user=projects/task-manager-a35a2
[debug] [2023-06-27T17:41:59.721Z] >>> [apiv2][body] POST https://cloudresourcemanager.googleapis.com/v1/projects/task-manager-a35a2:testIamPermissions {"permissions":["firebase.projects.get","firebasehosting.sites.update"]}
[debug] [2023-06-27T17:42:01.498Z] <<< [apiv2][status] POST https://cloudresourcemanager.googleapis.com/v1/projects/task-manager-a35a2:testIamPermissions 401
[debug] [2023-06-27T17:42:01.498Z] <<< [apiv2][body] POST https://cloudresourcemanager.googleapis.com/v1/projects/task-manager-a35a2:testIamPermissions {"error":{"code":401,"message":"Request had invalid authentication credentials. Expected OAuth 2 access token, login cookie or other valid authentication credential. See https://developers.google.com/identity/sign-in/web/devconsole-project.","status":"UNAUTHENTICATED","details":[{"@type":"type.googleapis.com/google.rpc.ErrorInfo","reason":"ACCESS_TOKEN_TYPE_UNSUPPORTED","metadata":{"method":"google.cloudresourcemanager.v1.Projects.TestIamPermissions","service":"cloudresourcemanager.googleapis.com"}}]}}
[debug] [2023-06-27T17:42:01.499Z] [iam] error while checking permissions, command may fail: FirebaseError: HTTP Error: 401, Request had invalid authentication credentials. Expected OAuth 2 access token, login cookie or other valid authentication credential. See https://developers.google.com/identity/sign-in/web/devconsole-project.
[debug] [2023-06-27T17:42:01.500Z] > refreshing access token with scopes: []
[debug] [2023-06-27T17:42:01.500Z] >>> [apiv2][query] POST https://www.googleapis.com/oauth2/v3/token [none]
[debug] [2023-06-27T17:42:01.500Z] >>> [apiv2][body] POST https://www.googleapis.com/oauth2/v3/token [omitted]
[debug] [2023-06-27T17:42:02.318Z] <<< [apiv2][status] POST https://www.googleapis.com/oauth2/v3/token 400
[debug] [2023-06-27T17:42:02.318Z] <<< [apiv2][body] POST https://www.googleapis.com/oauth2/v3/token [omitted]
[debug] [2023-06-27T17:42:02.319Z] >>> [apiv2][query] GET https://firebase.googleapis.com/v1beta1/projects/task-manager-a35a2 [none]
[debug] [2023-06-27T17:42:03.335Z] <<< [apiv2][status] GET https://firebase.googleapis.com/v1beta1/projects/task-manager-a35a2 401
[debug] [2023-06-27T17:42:03.335Z] <<< [apiv2][body] GET https://firebase.googleapis.com/v1beta1/projects/task-manager-a35a2 {"error":{"code":401,"message":"Request had invalid authentication credentials. Expected OAuth 2 access token, login cookie or other valid authentication credential. See https://developers.google.com/identity/sign-in/web/devconsole-project.","status":"UNAUTHENTICATED"}}
[debug] [2023-06-27T17:42:03.335Z] HTTP Error: 401, Request had invalid authentication credentials. Expected OAuth 2 access token, login cookie or other valid authentication credential. See https://developers.google.com/identity/sign-in/web/devconsole-project.
[debug] [2023-06-27T17:42:06.340Z] FirebaseError: HTTP Error: 401, Request had invalid authentication credentials. Expected OAuth 2 access token, login cookie or other valid authentication credential. See https://developers.google.com/identity/sign-in/web/devconsole-project.
    at responseToError (C:\Users\ASUS\AppData\Roaming\npm\node_modules\firebase-tools\lib\responseToError.js:49:12)
    at RetryOperation._fn (C:\Users\ASUS\AppData\Roaming\npm\node_modules\firebase-tools\lib\apiv2.js:288:77)
    at processTicksAndRejections (node:internal/process/task_queues:96:5)
[error] 
[error] Error: Failed to get Firebase project task-manager-a35a2. Please make sure the project exists and your account has permission to access it.
